ChronusQ Job Started: Wed Mar 30 15:59:06 2022

    ______ __                                      ____  
   / ____// /_   _____ ____   ____   __  __ _____ / __ \ 
  / /    / __ \ / ___// __ \ / __ \ / / / // ___// / / / 
 / /___ / / / // /   / /_/ // / / // /_/ /(__  )/ /_/ /  
 \____//_/ /_//_/    \____//_/ /_/ \__,_//____/ \___\_\  

Release Version: 0.6.0


Contributors List:
================================================================================
Name                     Institution
--------------------------------------------------------
Xiaosong Li              University of Washington
David Williams-Young     Lawrence Berkeley National Lab
Edward Valeev            Virginia Tech
Eugene DePrince III      Florida State University
Sharon Hammes-Schiffer   Yale University
Qiming Sun               AxiomQuant
Alessio Petrone          University of Washington
Andrew Wildman           University of Washington
Hang Hu                  University of Washington
Tianyuan Zhang           University of Washington
Torin Stetina            University of Washington
Adam Grofe               University of Washington
Brandon Cooper           Florida State University
Chad Hoyer               University of Washington
Hongbin Liu              University of Washington
Joshua Goings            University of Washington
Lauren Koulias           University of Washington
Lixin Lu                 University of Washington
Luning Zhao              University of Washington
Shichao Sun              University of Washington
Xiaolin Liu              University of Washington
--------------------------------------------------------



Input File:
================================================================================
#
#  Li UHF/6-31G(d) : SCF
#  SERIAL
#
#  Molecule Specification
[Molecule]
charge = 0
mult = 2
geom:
 Ga              0.               0.        0.608586

#
#  Job Specification
#
[QM]
reference = Complex X2CHF
job = SCF

[SCF]
maxiter = 1000
nkeep = 10
alg = nr
nrTrust = 0.1
nrApprox = GradDescent
nrRotAlg = Cayley


[BASIS]
basis = SAPPORO-DKH3-DZP-2012-ALL

[MISC]
nsmp = 8
mem = 2GB
================================================================================





  *** Allocating 2 GB *** 
  *** ChronusQ will use 8 OpenMP threads ***
  *** ChronusQ will use 1 MPI Processes ***




Molecular Information:
================================================================================

  NAtoms                      1
  Total Electrons             31
  Particle Number Charge      0              e
  Molecular Charge            0.000          e
  Nuclear Repulsion Energy    0.00000000e+00 Eh

  Center of Mass              { 0.00000e+00    ,0.00000e+00    ,1.15006e+00    }
  Center of Charges           { 0.00000e+00    ,0.00000e+00    ,1.15006e+00    }

  Moment of Inertia           { 9.11637e+01    ,0.00000e+00    ,0.00000e+00    ,
                                0.00000e+00    ,9.11637e+01    ,0.00000e+00    ,
                                0.00000e+00    ,0.00000e+00    ,0.00000e+00    }

  Geometry:                   
  ----------------------------------------------------------------------------  
    Element   ZNuc     Mass (AMU)       X (Bohr)       Y (Bohr)       Z (Bohr)

    GA-69     31.0     6.89256e+01   0.00000e+00    0.00000e+00    1.15006e+00

================================================================================

  *** Reading Basis Set from /home/agrofe/chronusq_source/dev/chronusq_dev/basis/sapporo-dkh3-dzp-2012_all.gbs ***

Basis Set Information:
================================================================================

  NBasis                   59
  NPrimitive               135
  NShell                   19
  Max Primitive            8
  Max L                    3


  Shell Information:
  ----------------------------------------------------------------------------  
    #    L          Exponents        Normalized Contraction

    0    0         1.7913e+06                    1.8635e+01
                   1.8199e+05                    1.4958e+01
                   3.0748e+04                    1.4934e+01
                   6.9701e+03                    1.7632e+01
                   1.9419e+03                    2.2344e+01
                   6.2784e+02                    2.4846e+01
                   2.2465e+02                    1.8825e+01
                   8.3286e+01                    5.3763e+00

    1    0         5.3441e+02                   -1.7777e+00
                   1.5931e+02                   -3.5380e+00
                   2.4251e+01                    4.5479e+00
                   9.8991e+00                    1.9996e+00

    2    0         1.6674e+01                   -2.1623e+00
                   2.7401e+00                    1.7726e+00

    3    0         1.4067e+00                   -2.2563e-01
                   1.9461e-01                    2.3130e-01

    4    0         1.1090e+00                    7.7021e-01

    5    0         6.9567e-02                    9.6541e-02

    6    0         2.3189e-02                    4.2352e-02

    7    1         6.3551e+03                    8.0638e+01
                   1.2585e+03                    8.0253e+01
                   3.7178e+02                    9.1783e+01
                   1.3311e+02                    9.3460e+01
                   5.3175e+01                    6.9777e+01
                   2.2474e+01                    3.1408e+01
                   9.3651e+00                    4.7530e+00

    8    1         4.5724e+01                   -3.5261e+00
                   6.2616e+00                    5.4843e+00
                   2.5289e+00                    3.0528e+00

    9    1         9.7599e-01                    1.3828e+00

    10   1         3.0783e-01                    1.1002e-01
                   1.0993e-01                    6.5682e-02

    11   1         3.9509e-02                    2.5108e-02

    12   1         1.3170e-02                    6.3593e-03

    13   2         1.6508e+02                    8.2667e+01
                   4.8514e+01                    7.0353e+01
                   1.7770e+01                    4.5986e+01
                   7.1794e+00                    2.1025e+01
                   2.9306e+00                    5.9048e+00

    14   2         1.1456e+00                    1.5985e+00
                   4.0482e-01                    1.0825e-01

    15   2         3.0924e-01                    1.0418e-01
                   1.0713e-01                    2.0286e-02

    16   2         3.9024e-02                    5.6394e-03

    17   3         5.7076e+00                    4.5507e+01
                   1.7335e+00                    2.8021e+00

    18   3         6.0597e-01                    4.7694e-01


================================================================================


  Property Integrals:
    * Will Compute Length Gauge Electric Multipoles up to Octupole
    * Will Compute Velocity Gauge Electric Multipoles up to Octupole
    * Will Compute Magnetic Multipoles up to Quadrupole

  Two particle integral:
    * Contraction Algorithm: DIRECT
    * Schwarz Screening Threshold = 1.0000e-12
    * AO to MO Transformation Algorithm (if used): DIRECT N6

================================================================================

  *** Parsing QM.REFERENCE options ***



Hamiltonian Options:
================================================================================

                                 Integral:
  ----------------------------------------------------------------------------  
                               Basis Type:REAL_GTO
                      Finite Width Nuclei:True
                            Using Libcint:False

                    One-Component Options:
  ----------------------------------------------------------------------------  
           Perturbative Scalar Relativity:Off
       Perturbative Spin-orbit Relativity:Off

                    Two-Component Options:
  ----------------------------------------------------------------------------  
           One-Electron Scalar Relativity:On
       One-Electron Spin-orbit Relativity:On
              Boettger Spin-orbit Scaling:On
             Atomic Mean Field Spin-orbit:Off
                               Atomic X2C:Off

                   Four-Component Options:
  ----------------------------------------------------------------------------  
                        Bare Coulomb Term:Off
                       Dirac Coulomb Term:Off
                  Dirac Coulomb SSSS Term:Off
                               Gaunt Term:Off
                               Gauge Term:Off

================================================================================

  *** Forming Initial Guess Density for SCF Procedure ***

    * Forming the Core Hamiltonian Guess (F = H)

================================================================================
Self Consistent Field (SCF) Settings:

  Reference:                          Exact Two Component Hartree-Fock
  Energy Convergence Tolerence:       1.000000e-10
  Density Convergence Tolerence:      1.000000e-08
  Orbital Gradient Tolerence:         1.000000e-08
  Maximum Number of SCF Cycles:       1000
  SCF Algorithm:                      Newton-Raphson (2nd Order)
  Number of Nonredundant Parameters:  2697
  Static Trust Region:                1.000000e-01
  Newton-Raphson Step Approximation: Gradient-Descent
  Computing Unitary Matrix using Cayley Transform

--------------------------------------------------------------------------------

   SCF Iteration      Energy (Eh)         ΔE (Eh)            |ΔD|          Max(Gradient)
   -------------      -----------         -------            ----          -------------
    SCFIt:     0  -1553.3767370116

Old Energy = -1771.873666881897179


Performing Line Search:
0.000000000000000   -1771.873666881897179
0.250000000000000   -1774.792322571885734
0.500000000000000   -1780.363859162390781
0.750000000000000   -1779.798821537007370
1.000000000000000   -1776.099272767679167
    SCFIt:     1  -1771.8736668819    -2.1849693e+02     1.2972800e-02     5.9577361e+00

Old Energy = -1771.623650879420211


Performing Line Search:
0.000000000000000   -1771.623650879420211
0.250000000000000   -1771.717920576381857
0.500000000000000   -1774.679756480595870
0.750000000000000   -1776.593421158816909
1.000000000000000   -1776.104229822290108
    SCFIt:     2  -1771.6236508794     2.5001600e-01     1.4639538e-02     5.7408247e+00

Old Energy = -1771.508974257211094


Performing Line Search:
0.000000000000000   -1771.508974257211094
0.250000000000000   -1771.541448177727034
0.500000000000000   -1772.625333748693947
0.750000000000000   -1773.824560759042924
1.000000000000000   -1774.309654173503077
    SCFIt:     3  -1771.5089742572     1.1467662e-01     1.4519713e-02     5.3388178e+00

Old Energy = -1771.462864516901391


Performing Line Search:
0.000000000000000   -1771.462864516901391
0.250000000000000   -1771.531782647973841
0.500000000000000   -1771.990418258881618
0.750000000000000   -1772.605225374019255
1.000000000000000   -1773.082558448330701
    SCFIt:     4  -1771.4628645169     4.6109740e-02     1.4339414e-02     4.8169581e+00

Old Energy = -1771.454973891825148


Performing Line Search:
0.000000000000000   -1771.454973891825148
0.250000000000000   -1771.541140594374610
0.500000000000000   -1771.777559134880903
0.750000000000000   -1772.101152980169445
1.000000000000000   -1772.423915138533175
    SCFIt:     5  -1771.4549738918     7.8906251e-03     1.3996794e-02     4.2012329e+00

Old Energy = -1771.472175770468084


Performing Line Search:
0.000000000000000   -1771.472175770468084
0.250000000000000   -1771.558711881859381
0.500000000000000   -1771.700776737804517
0.750000000000000   -1771.880967304427486
1.000000000000000   -1772.076081292270828
    SCFIt:     6  -1771.4721757705    -1.7201879e-02     1.3361409e-02     3.5131912e+00

Old Energy = -1771.506101354872726


Performing Line Search:
0.000000000000000   -1771.506101354872726
0.250000000000000   -1771.585924873131944
0.500000000000000   -1771.685179529432617
0.750000000000000   -1771.798242587959976
1.000000000000000   -1771.915898577491589
    SCFIt:     7  -1771.5061013549    -3.3925584e-02     1.1547129e-02     2.7777066e+00

Old Energy = -1771.536780589642603


Performing Line Search:
0.000000000000000   -1771.536780589642603
0.250000000000000   -1771.632457587420049
0.500000000000000   -1771.759219819005693
0.750000000000000   -1771.900278236722897
1.000000000000000   -1772.025359036101918
    SCFIt:     8  -1771.5367805896    -3.0679235e-02     8.0470744e-03     2.0753872e+00

Old Energy = -1771.558925763695925


Performing Line Search:
0.000000000000000   -1771.558925763695925
0.250000000000000   -1771.735188138382227
0.500000000000000   -1771.958162305354108
0.750000000000000   -1772.128938683567185
1.000000000000000   -1772.227818582372265
    SCFIt:     9  -1771.5589257637    -2.2145174e-02     8.6047220e-03     1.6991168e+00

Old Energy = -1771.584533456095642


Performing Line Search:
0.000000000000000   -1771.584533456095642
0.250000000000000   -1771.770228606869068
0.500000000000000   -1771.961433995605830
0.750000000000000   -1772.100141728466042
1.000000000000000   -1772.181414940075456
    SCFIt:    10  -1771.5845334561    -2.5607692e-02     9.6786639e-03     1.5685028e+00

Old Energy = -1771.618791122667972


Performing Line Search:
0.000000000000000   -1771.618791122667972
0.250000000000000   -1771.754958820922411
0.500000000000000   -1771.879776908439680
0.750000000000000   -1771.981147967447441
1.000000000000000   -1772.050393761628357
    SCFIt:    11  -1771.6187911227    -3.4257667e-02     1.0783595e-02     1.4494862e+00

Old Energy = -1771.657400613021764


Performing Line Search:
0.000000000000000   -1771.657400613021764
0.250000000000000   -1771.763613959617714
0.500000000000000   -1771.849584529592448
0.750000000000000   -1771.915689512554991
1.000000000000000   -1771.961061763546240
    SCFIt:    12  -1771.6574006130    -3.8609490e-02     1.1357437e-02     1.2860181e+00

Old Energy = -1771.696949743186906


Performing Line Search:
0.000000000000000   -1771.696949743186906
0.250000000000000   -1771.778602047930690
0.500000000000000   -1771.839032867419974
0.750000000000000   -1771.881059014360744
1.000000000000000   -1771.906981313149117
    SCFIt:    13  -1771.6969497432    -3.9549130e-02     1.1513267e-02     1.0949343e+00

Old Energy = -1771.734701078977196


Performing Line Search:
0.000000000000000   -1771.734701078977196
0.250000000000000   -1771.794717604977450
0.500000000000000   -1771.836425443327016
0.750000000000000   -1771.862510094821118
1.000000000000000   -1771.875645888708959
    SCFIt:    14  -1771.7347010790    -3.7751336e-02     1.1300831e-02     8.6954417e-01

Old Energy = -1771.768421729561396


Performing Line Search:
0.000000000000000   -1771.768421729561396
0.250000000000000   -1771.809919376608150
0.500000000000000   -1771.837548459419622
0.750000000000000   -1771.853253992133432
1.000000000000000   -1771.859100154331372
    SCFIt:    15  -1771.7684217296    -3.3720651e-02     1.0769895e-02     6.7402289e-01

Old Energy = -1771.796528867390180


Performing Line Search:
0.000000000000000   -1771.796528867390180
0.250000000000000   -1771.823156845931408
0.500000000000000   -1771.840461486816366
0.750000000000000   -1771.849651369140247
1.000000000000000   -1771.852038689014080
    SCFIt:    16  -1771.7965288674    -2.8107138e-02     9.9873915e-03     4.9387630e-01

Old Energy = -1771.818294461254254


Performing Line Search:
0.000000000000000   -1771.818294461254254
0.250000000000000   -1771.833958162381350
0.500000000000000   -1771.844114471244666
0.750000000000000   -1771.849421211051549
1.000000000000000   -1771.850597917929690
    SCFIt:    17  -1771.8182944613    -2.1765594e-02     9.0285664e-03     3.2099898e-01

Old Energy = -1771.833926129809697


Performing Line Search:
0.000000000000000   -1771.833926129809697
0.250000000000000   -1771.842284991423412
0.500000000000000   -1771.847836725788966
0.750000000000000   -1771.850891323614178
1.000000000000000   -1771.851788459939598
    SCFIt:    18  -1771.8339261298    -1.5631669e-02     7.9720591e-03     1.7822896e-01

Old Energy = -1771.844361939331520


Performing Line Search:
0.000000000000000   -1771.844361939331520
0.250000000000000   -1771.848336760223901
0.500000000000000   -1771.851089877990034
0.750000000000000   -1771.852742368357212
1.000000000000000   -1771.853426848138270
    SCFIt:    19  -1771.8443619393    -1.0435810e-02     6.8943121e-03     8.9022535e-02

Old Energy = -1771.850756301523234


Performing Line Search:
0.000000000000000   -1771.850756301523234
0.250000000000000   -1771.852323206076790
0.500000000000000   -1771.853432606647857
0.750000000000000   -1771.854119641865736
1.000000000000000   -1771.854422824958192
    SCFIt:    20  -1771.8507563015    -6.3943622e-03     5.8405313e-03     7.4375504e-02

Old Energy = -1771.854003972612418


Performing Line Search:
0.000000000000000   -1771.854003972612418
0.250000000000000   -1771.854455576461987
0.500000000000000   -1771.854770890495729
0.750000000000000   -1771.854955389833322
1.000000000000000   -1771.855015234395978
    SCFIt:    21  -1771.8540039726    -3.2476711e-03     4.5292648e-03     5.3618756e-02

Old Energy = -1771.855086761879647


Performing Line Search:
0.000000000000000   -1771.855086761879647
0.250000000000000   -1771.855302854976799
0.500000000000000   -1771.855496238398473
0.750000000000000   -1771.855666702124381
1.000000000000000   -1771.855814156499946
    SCFIt:    22  -1771.8550867619    -1.0827893e-03     1.7852251e-03     2.9086405e-02

Old Energy = -1771.855794034824157


Performing Line Search:
0.000000000000000   -1771.855794034824157
0.250000000000000   -1771.855956184821935
0.500000000000000   -1771.856112001431711
0.750000000000000   -1771.856261347406871
1.000000000000000   -1771.856404139356755
    SCFIt:    23  -1771.8557940348    -7.0727294e-04     1.1046507e-03     1.4352694e-02

Old Energy = -1771.856373631764882


Performing Line Search:
0.000000000000000   -1771.856373631764882
0.250000000000000   -1771.856511924980623
0.500000000000000   -1771.856647361846854
0.750000000000000   -1771.856779901930622
1.000000000000000   -1771.856909542761514
    SCFIt:    24  -1771.8563736318    -5.7959694e-04     9.5791997e-04     6.5766513e-03

Old Energy = -1771.856887725535898


Performing Line Search:
0.000000000000000   -1771.856887725535898
0.250000000000000   -1771.857012527960933
0.500000000000000   -1771.857135684616878
0.750000000000000   -1771.857257167585431
1.000000000000000   -1771.857376978136472
    SCFIt:    25  -1771.8568877255    -5.1409377e-04     9.1786895e-04     5.4512809e-03

Old Energy = -1771.857366894477082


Performing Line Search:
0.000000000000000   -1771.857366894477082
0.250000000000000   -1771.857485310106767
0.500000000000000   -1771.857603100349252
0.750000000000000   -1771.857720269965284
1.000000000000000   -1771.857836847960925
    SCFIt:    26  -1771.8573668945    -4.7916894e-04     9.3375047e-04     4.9181508e-03

Old Energy = -1771.857839330794604


Performing Line Search:
0.000000000000000   -1771.857839330794604
0.250000000000000   -1771.857958063147407
0.500000000000000   -1771.858076920365420
0.750000000000000   -1771.858195877017579
1.000000000000000   -1771.858314928959771
    SCFIt:    27  -1771.8578393308    -4.7243632e-04     9.7679833e-04     4.4218717e-03

Old Energy = -1771.858331278255491


Performing Line Search:
0.000000000000000   -1771.858331278255491
0.250000000000000   -1771.858456949667470
0.500000000000000   -1771.858583580322829
0.750000000000000   -1771.858711147217036
1.000000000000000   -1771.858839647213699
    SCFIt:    28  -1771.8583312783    -4.9194746e-04     1.0549362e-03     3.9633039e-03

Old Energy = -1771.858864623018462


Performing Line Search:
0.000000000000000   -1771.858864623018462
0.250000000000000   -1771.859001895988968
0.500000000000000   -1771.859140478574318
0.750000000000000   -1771.859280271734178
1.000000000000000   -1771.859421196069661
    SCFIt:    29  -1771.8588646230    -5.3334476e-04     1.1439716e-03     3.5419982e-03

Old Energy = -1771.859453626714185


Performing Line Search:
0.000000000000000   -1771.859453626714185
0.250000000000000   -1771.859605315222780
0.500000000000000   -1771.859758443445116
0.750000000000000   -1771.859912878651357
1.000000000000000   -1771.860068508648510
    SCFIt:    30  -1771.8594536267    -5.8900370e-04     1.2422334e-03     3.1542567e-03

Old Energy = -1771.860095845108390


Performing Line Search:
0.000000000000000   -1771.860095845108390
0.250000000000000   -1771.860259658479208
0.500000000000000   -1771.860424204938226
0.750000000000000   -1771.860589238837065
1.000000000000000   -1771.860754538066203
    SCFIt:    31  -1771.8600958451    -6.4221839e-04     1.3198843e-03     3.2396323e-03

Old Energy = -1771.860773593062959


Performing Line Search:
0.000000000000000   -1771.860773593062959
0.250000000000000   -1771.860944032387124
0.500000000000000   -1771.861114273899602
0.750000000000000   -1771.861284063151743
1.000000000000000   -1771.861453172215533
    SCFIt:    32  -1771.8607735931    -6.7774795e-04     1.3714496e-03     3.3229010e-03

Old Energy = -1771.861452336429466


Performing Line Search:
0.000000000000000   -1771.861452336429466
0.250000000000000   -1771.861619900777441
0.500000000000000   -1771.861785905529587
0.750000000000000   -1771.861950045680715
1.000000000000000   -1771.862112045863341
    SCFIt:    33  -1771.8614523364    -6.7874337e-04     1.3764600e-03     3.1009617e-03

Old Energy = -1771.862097099588709


Performing Line Search:
0.000000000000000   -1771.862097099588709
0.250000000000000   -1771.862253725761548
0.500000000000000   -1771.862408007409385
0.750000000000000   -1771.862559733071521
1.000000000000000   -1771.862708718821068
    SCFIt:    34  -1771.8620970996    -6.4476316e-04     1.3431569e-03     2.8076881e-03

Old Energy = -1771.862679319040126


Performing Line Search:
0.000000000000000   -1771.862679319040126
0.250000000000000   -1771.862818873817787
0.500000000000000   -1771.862955576085824
0.750000000000000   -1771.863089241693388
1.000000000000000   -1771.863219710467092
    SCFIt:    35  -1771.8626793190    -5.8221945e-04     1.2779733e-03     3.1965324e-03

Old Energy = -1771.863187834100017


Performing Line Search:
0.000000000000000   -1771.863187834100017
0.250000000000000   -1771.863308938335194
0.500000000000000   -1771.863427422891391
0.750000000000000   -1771.863543212725290
1.000000000000000   -1771.863656249482119
    SCFIt:    36  -1771.8631878341    -5.0851506e-04     1.1982190e-03     3.2498811e-03

Old Energy = -1771.863623387132066


Performing Line Search:
0.000000000000000   -1771.863623387132066
0.250000000000000   -1771.863726893391686
0.500000000000000   -1771.863828082145346
0.750000000000000   -1771.863926892395739
1.000000000000000   -1771.864023275024692
    SCFIt:    37  -1771.8636233871    -4.3555303e-04     1.1208225e-03     3.3935615e-03

Old Energy = -1771.863995665914672


Performing Line Search:
0.000000000000000   -1771.863995665914672
0.250000000000000   -1771.864084415056368
0.500000000000000   -1771.864171403238288
0.750000000000000   -1771.864256626697625
1.000000000000000   -1771.864340088555082
    SCFIt:    38  -1771.8639956659    -3.7227878e-04     1.0448436e-03     3.4176715e-03

Old Energy = -1771.864316116629652


Performing Line Search:
0.000000000000000   -1771.864316116629652
0.250000000000000   -1771.864392858727115
0.500000000000000   -1771.864468205267030
0.750000000000000   -1771.864542141278434
1.000000000000000   -1771.864614656544973
    SCFIt:    39  -1771.8643161166    -3.2045071e-04     9.8489019e-04     3.3842598e-03

Old Energy = -1771.864595814080303


Performing Line Search:
0.000000000000000   -1771.864595814080303
0.250000000000000   -1771.864663258645578
0.500000000000000   -1771.864729720897458
0.750000000000000   -1771.864795210530701
1.000000000000000   -1771.864859739876238
    SCFIt:    40  -1771.8645958141    -2.7969745e-04     9.2360072e-04     3.2688546e-03

Old Energy = -1771.864843780521142


Performing Line Search:
0.000000000000000   -1771.864843780521142
0.250000000000000   -1771.864903936993414
0.500000000000000   -1771.864963336881146
0.750000000000000   -1771.865021972687600
1.000000000000000   -1771.865079838972633
    SCFIt:    41  -1771.8648437805    -2.4796644e-04     8.7941083e-04     3.1251757e-03

Old Energy = -1771.865066832818684


Performing Line Search:
0.000000000000000   -1771.865066832818684
0.250000000000000   -1771.865121327202360
0.500000000000000   -1771.865175320768685
0.750000000000000   -1771.865228819099002
1.000000000000000   -1771.865281829001788
    SCFIt:    42  -1771.8650668328    -2.2305230e-04     8.2916368e-04     2.9432666e-03

Old Energy = -1771.865270020878370


Performing Line Search:
0.000000000000000   -1771.865270020878370
0.250000000000000   -1771.865319940841346
0.500000000000000   -1771.865369486631607
0.750000000000000   -1771.865418648628975
1.000000000000000   -1771.865467418320804
    SCFIt:    43  -1771.8652700209    -2.0318806e-04     7.9506630e-04     2.7575319e-03

Old Energy = -1771.865456690161864


Performing Line Search:
0.000000000000000   -1771.865456690161864
0.250000000000000   -1771.865502849830136
0.500000000000000   -1771.865548803589263
0.750000000000000   -1771.865594551413324
1.000000000000000   -1771.865640094041282
    SCFIt:    44  -1771.8654566902    -1.8666928e-04     7.5214464e-04     2.5602451e-03

Old Energy = -1771.865629166194594


Performing Line Search:
0.000000000000000   -1771.865629166194594
0.250000000000000   -1771.865672050083504
0.500000000000000   -1771.865714812976876
0.750000000000000   -1771.865757442791846
1.000000000000000   -1771.865799928213164
    SCFIt:    45  -1771.8656291662    -1.7247603e-04     7.2383162e-04     2.3685041e-03

Old Energy = -1771.865788786056555


Performing Line Search:
0.000000000000000   -1771.865788786056555
0.250000000000000   -1771.865828756685914
0.500000000000000   -1771.865868744869658
0.750000000000000   -1771.865908747326557
1.000000000000000   -1771.865948761374739
    SCFIt:    46  -1771.8657887861    -1.5961986e-04     6.8493957e-04     2.1767861e-03

Old Energy = -1771.865936389279341


Performing Line Search:
0.000000000000000   -1771.865936389279341
0.250000000000000   -1771.865973622042247
0.500000000000000   -1771.866010959820414
0.750000000000000   -1771.866048389789285
1.000000000000000   -1771.866085899723657
    SCFIt:    47  -1771.8659363893    -1.4760322e-04     6.5921517e-04     1.9915295e-03

Old Energy = -1771.866072419902594


Performing Line Search:
0.000000000000000   -1771.866072419902594
0.250000000000000   -1771.866107096971973
0.500000000000000   -1771.866142032100242
0.750000000000000   -1771.866177221314047
1.000000000000000   -1771.866212661132522
    SCFIt:    48  -1771.8660724199    -1.3603062e-04     6.2175652e-04     1.8125985e-03

Old Energy = -1771.866197123671100


Performing Line Search:
0.000000000000000   -1771.866197123671100
0.250000000000000   -1771.866229322814206
0.500000000000000   -1771.866261905725196
0.750000000000000   -1771.866294860471271
1.000000000000000   -1771.866328175583476
    SCFIt:    49  -1771.8661971237    -1.2470377e-04     5.9683027e-04     1.7225526e-03

Old Energy = -1771.866310776742921


Performing Line Search:
0.000000000000000   -1771.866310776742921
0.250000000000000   -1771.866340676521304
0.500000000000000   -1771.866371163542908
0.750000000000000   -1771.866402234814359
1.000000000000000   -1771.866433887733137
    SCFIt:    50  -1771.8663107767    -1.1365307e-04     5.5947052e-04     1.6297787e-03

Old Energy = -1771.866413569101042


Performing Line Search:
0.000000000000000   -1771.866413569101042
0.250000000000000   -1771.866441278650427
0.500000000000000   -1771.866469771362517
0.750000000000000   -1771.866499037128506
1.000000000000000   -1771.866529066177918
    SCFIt:    51  -1771.8664135691    -1.0279236e-04     5.3500791e-04     1.5300271e-03

Old Energy = -1771.866505973643598


Performing Line Search:
0.000000000000000   -1771.866505973643598
0.250000000000000   -1771.866531759095324
0.500000000000000   -1771.866558614460928
0.750000000000000   -1771.866586538337287
1.000000000000000   -1771.866615529596857
    SCFIt:    52  -1771.8665059736    -9.2404543e-05     4.9767796e-04     1.4298001e-03

Old Energy = -1771.866588346237677


Performing Line Search:
0.000000000000000   -1771.866588346237677
0.250000000000000   -1771.866612407337470
0.500000000000000   -1771.866637838751785
0.750000000000000   -1771.866664632450011
1.000000000000000   -1771.866692780639369
    SCFIt:    53  -1771.8665883462    -8.2372594e-05     4.7438352e-04     1.4382214e-03

Old Energy = -1771.866661437089761


Performing Line Search:
0.000000000000000   -1771.866661437089761
0.250000000000000   -1771.866684156716019
0.500000000000000   -1771.866708654429203
0.750000000000000   -1771.866734930221355
1.000000000000000   -1771.866762984263687
    SCFIt:    54  -1771.8666614371    -7.3090852e-05     4.3785672e-04     1.6264949e-03

Old Energy = -1771.866725771948040


Performing Line Search:
0.000000000000000   -1771.866725771948040
0.250000000000000   -1771.866747458372856
0.500000000000000   -1771.866771373198389
0.750000000000000   -1771.866797510333072
1.000000000000000   -1771.866825863826989
    SCFIt:    55  -1771.8667257719    -6.4334858e-05     4.1691694e-04     1.7418173e-03

Old Energy = -1771.866782299902297


Performing Line Search:
0.000000000000000   -1771.866782299902297
0.250000000000000   -1771.866803455289300
0.500000000000000   -1771.866827421272092
0.750000000000000   -1771.866854198652163
1.000000000000000   -1771.866883788348559
    SCFIt:    56  -1771.8667822999    -5.6527954e-05     3.8235084e-04     1.9842180e-03

Old Energy = -1771.866831626573457


Performing Line Search:
0.000000000000000   -1771.866831626573457
0.250000000000000   -1771.866852677865154
0.500000000000000   -1771.866877207926336
0.750000000000000   -1771.866905212340953
1.000000000000000   -1771.866936686774579
    SCFIt:    57  -1771.8668316266    -4.9326671e-05     3.6503478e-04     2.1267247e-03

Old Energy = -1771.866874780504759


Performing Line Search:
0.000000000000000   -1771.866874780504759
0.250000000000000   -1771.866896357719497
0.500000000000000   -1771.866922252138465
0.750000000000000   -1771.866952464710721
1.000000000000000   -1771.866986996438072
    SCFIt:    58  -1771.8668747805    -4.3153931e-05     3.3372783e-04     2.4237598e-03

Old Energy = -1771.866912355669456


Performing Line Search:
0.000000000000000   -1771.866912355669456
0.250000000000000   -1771.866935033397567
0.500000000000000   -1771.866963018846491
0.750000000000000   -1771.866996309141541
1.000000000000000   -1771.867034901435773
    SCFIt:    59  -1771.8669123557    -3.7575165e-05     3.2123778e-04     2.6296543e-03

Old Energy = -1771.866945369056793


Performing Line Search:
0.000000000000000   -1771.866945369056793
0.250000000000000   -1771.866969941433808
0.500000000000000   -1771.867001042166521
0.750000000000000   -1771.867038671648970
1.000000000000000   -1771.867082830290656
    SCFIt:    60  -1771.8669453691    -3.3013387e-05     2.9463847e-04     2.9653578e-03

Old Energy = -1771.866974351645467


Performing Line Search:
0.000000000000000   -1771.866974351645467
0.250000000000000   -1771.867001606193753
0.500000000000000   -1771.867036861834094
0.750000000000000   -1771.867080117325941
1.000000000000000   -1771.867131371408732
    SCFIt:    61  -1771.8669743516    -2.8982589e-05     2.8812523e-04     3.2451085e-03

Old Energy = -1771.867000267488720


Performing Line Search:
0.000000000000000   -1771.867000267488720
0.250000000000000   -1771.867031239660037
0.500000000000000   -1771.867072007252091
0.750000000000000   -1771.867122569288540
1.000000000000000   -1771.867182924770077
    SCFIt:    62  -1771.8670002675    -2.5915843e-05     2.6794799e-04     3.6329900e-03

Old Energy = -1771.867023578887711


Performing Line Search:
0.000000000000000   -1771.867023578887711
0.250000000000000   -1771.867059384936056
0.500000000000000   -1771.867107184152701
0.750000000000000   -1771.867166977391662
1.000000000000000   -1771.867238765462389
    SCFIt:    63  -1771.8670235789    -2.3311399e-05     2.6849710e-04     3.9980011e-03

Old Energy = -1771.867045200338225


Performing Line Search:
0.000000000000000   -1771.867045200338225
0.250000000000000   -1771.867087247099334
0.500000000000000   -1771.867143943597284
0.750000000000000   -1771.867215286290502
1.000000000000000   -1771.867301271554197
    SCFIt:    64  -1771.8670452003    -2.1621451e-05     2.5664514e-04     4.4553845e-03

Old Energy = -1771.867065556707530


Performing Line Search:
0.000000000000000   -1771.867065556707530
0.250000000000000   -1771.867115474311959
0.500000000000000   -1771.867183331816705
0.750000000000000   -1771.867269133247191
1.000000000000000   -1771.867372882510153
    SCFIt:    65  -1771.8670655567    -2.0356369e-05     2.6506436e-04     4.9194381e-03

Old Energy = -1771.867085549910371


Performing Line Search:
0.000000000000000   -1771.867085549910371
0.250000000000000   -1771.867145316871301
0.500000000000000   -1771.867226975559788
0.750000000000000   -1771.867330517794244
1.000000000000000   -1771.867455935216185
    SCFIt:    66  -1771.8670855499    -1.9993203e-05     2.6313132e-04     5.4673610e-03

Old Energy = -1771.867105627386763


Performing Line Search:
0.000000000000000   -1771.867105627386763
0.250000000000000   -1771.867177673050719
0.500000000000000   -1771.867276548764039
0.750000000000000   -1771.867402263806525
1.000000000000000   -1771.867554827189451
    SCFIt:    67  -1771.8671056274    -2.0077476e-05     2.7968847e-04     6.0479395e-03

Old Energy = -1771.867126741791481


Performing Line Search:
0.000000000000000   -1771.867126741791481
0.250000000000000   -1771.867213914791819
0.500000000000000   -1771.867333813704590
0.750000000000000   -1771.867486421906960
1.000000000000000   -1771.867671722373188
    SCFIt:    68  -1771.8671267418    -2.1114405e-05     2.8841521e-04     6.7114912e-03

Old Energy = -1771.867149450471743


Performing Line Search:
0.000000000000000   -1771.867149450471743
0.250000000000000   -1771.867255415521413
0.500000000000000   -1771.867401534574128
0.750000000000000   -1771.867587825992814
1.000000000000000   -1771.867814307531717
    SCFIt:    69  -1771.8671494505    -2.2708680e-05     3.1297583e-04     7.4310010e-03

Old Energy = -1771.867174846389844


Performing Line Search:
0.000000000000000   -1771.867174846389844
0.250000000000000   -1771.867303762003303
0.500000000000000   -1771.867481642922030
0.750000000000000   -1771.867708456902392
1.000000000000000   -1771.867984170809677
    SCFIt:    70  -1771.8671748464    -2.5395918e-05     3.3237369e-04     8.2401019e-03

Old Energy = -1771.867203718835754


Performing Line Search:
0.000000000000000   -1771.867203718835754
0.250000000000000   -1771.867361153559614
0.500000000000000   -1771.867578748279811
0.750000000000000   -1771.867856537289299
1.000000000000000   -1771.868194553522017
    SCFIt:    71  -1771.8672037188    -2.8872446e-05     3.6493423e-04     9.1270789e-03

Old Energy = -1771.867237424503173


Performing Line Search:
0.000000000000000   -1771.867237424503173
0.250000000000000   -1771.867429491976509
0.500000000000000   -1771.867694899873868
0.750000000000000   -1771.868033586681349
1.000000000000000   -1771.868445488896668
    SCFIt:    72  -1771.8672374245    -3.3705667e-05     3.9495252e-04     1.0117676e-02

Old Energy = -1771.867277159277592


Performing Line Search:
0.000000000000000   -1771.867277159277592
0.250000000000000   -1771.867512363093283
0.500000000000000   -1771.867837810297033
0.750000000000000   -1771.868253563206963
1.000000000000000   -1771.868759681079382
    SCFIt:    73  -1771.8672771593    -3.9734774e-05     4.3607449e-04     1.1208059e-02
